{"name": "test_case", "status": "failed", "statusDetails": {"message": "AssertionError: assert 10 == 7", "trace": "self = <test.demo1.test_pytest-allure3.Test_case object at 0x0441A8F0>\n\n    @allure.story(\"定义场景3\")\n    def test_case(self):\n        with allure.step(\"定义步骤3\"):\n            C =case().add(a,b)\n        with allure.step(\"断言3\"):\n>           assert C == 7\nE           assert 10 == 7\n\ntest_pytest-allure3.py:13: AssertionError"}, "steps": [{"name": "定义步骤3", "status": "passed", "start": 1585048164244, "stop": 1585048164244}, {"name": "断言3", "status": "failed", "statusDetails": {"message": "AssertionError: assert 10 == 7\n", "trace": "  File \"d:\\python_work\\test\\demo1\\test_pytest-allure3.py\", line 13, in test_case\n    assert C == 7\n"}, "start": 1585048164244, "stop": 1585048164244}], "attachments": [{"name": "stdout", "source": "6c2b424f-46e4-444c-b086-14061c5c8a3e-attachment.txt", "type": "text/plain"}], "start": 1585048164243, "stop": 1585048164244, "uuid": "85cb8249-14b8-4382-b3ba-e53db7dce4c6", "historyId": "c9acacb8ab55e5be42695b7b73193652", "testCaseId": "edbdf13543cbcf7ad420e57930474516", "fullName": "test_pytest-allure3.Test_case#test_case", "labels": [{"name": "feature", "value": "定义功能3"}, {"name": "story", "value": "定义场景3"}, {"name": "suite", "value": "test_pytest-allure3"}, {"name": "subSuite", "value": "Test_case"}, {"name": "host", "value": "law"}, {"name": "thread", "value": "19644-MainThread"}, {"name": "framework", "value": "pytest"}, {"name": "language", "value": "cpython3"}, {"name": "package", "value": "test_pytest-allure3"}]}