{"name": "test_case", "status": "failed", "statusDetails": {"message": "AssertionError: assert 10 == 7", "trace": "self = <test.demo1.test_pytest-allure3.Test_case object at 0x03BA60B0>\n\n    @allure.story(\"定义场景\")\n    def test_case(self):\n        with allure.step(\"定义步骤\"):\n            C =case().add(a,b)\n        with allure.step(\"断言\"):\n>           assert C == 7\nE           assert 10 == 7\n\ntest_pytest-allure3.py:13: AssertionError"}, "steps": [{"name": "定义步骤", "status": "passed", "start": 1585047678238, "stop": 1585047678238}, {"name": "断言", "status": "failed", "statusDetails": {"message": "AssertionError: assert 10 == 7\n", "trace": "  File \"d:\\python_work\\test\\demo1\\test_pytest-allure3.py\", line 13, in test_case\n    assert C == 7\n"}, "start": 1585047678238, "stop": 1585047678238}], "attachments": [{"name": "stdout", "source": "316f5ce5-5c87-4b38-9598-f7c880795df5-attachment.txt", "type": "text/plain"}], "start": 1585047678238, "stop": 1585047678238, "uuid": "c66ee566-b875-41a2-8883-924f6857c2f7", "historyId": "c9acacb8ab55e5be42695b7b73193652", "testCaseId": "edbdf13543cbcf7ad420e57930474516", "fullName": "test_pytest-allure3.Test_case#test_case", "labels": [{"name": "feature", "value": "定义功能"}, {"name": "story", "value": "定义场景"}, {"name": "suite", "value": "test_pytest-allure3"}, {"name": "subSuite", "value": "Test_case"}, {"name": "host", "value": "law"}, {"name": "thread", "value": "7608-MainThread"}, {"name": "framework", "value": "pytest"}, {"name": "language", "value": "cpython3"}, {"name": "package", "value": "test_pytest-allure3"}]}