{
  "uid" : "17a296ea4bba9a0a",
  "name" : "test_case",
  "fullName" : "test_pytest-allure3.Test_case#test_case",
  "historyId" : "c9acacb8ab55e5be42695b7b73193652",
  "time" : {
    "start" : 1585048164243,
    "stop" : 1585048164244,
    "duration" : 1
  },
  "status" : "failed",
  "statusMessage" : "AssertionError: assert 10 == 7",
  "statusTrace" : "self = <test.demo1.test_pytest-allure3.Test_case object at 0x0441A8F0>\n\n    @allure.story(\"定义场景3\")\n    def test_case(self):\n        with allure.step(\"定义步骤3\"):\n            C =case().add(a,b)\n        with allure.step(\"断言3\"):\n>           assert C == 7\nE           assert 10 == 7\n\ntest_pytest-allure3.py:13: AssertionError",
  "flaky" : true,
  "beforeStages" : [ ],
  "testStage" : {
    "status" : "failed",
    "statusMessage" : "AssertionError: assert 10 == 7",
    "statusTrace" : "self = <test.demo1.test_pytest-allure3.Test_case object at 0x0441A8F0>\n\n    @allure.story(\"定义场景3\")\n    def test_case(self):\n        with allure.step(\"定义步骤3\"):\n            C =case().add(a,b)\n        with allure.step(\"断言3\"):\n>           assert C == 7\nE           assert 10 == 7\n\ntest_pytest-allure3.py:13: AssertionError",
    "steps" : [ {
      "name" : "定义步骤3",
      "time" : {
        "start" : 1585048164244,
        "stop" : 1585048164244,
        "duration" : 0
      },
      "status" : "passed",
      "steps" : [ ],
      "attachments" : [ ],
      "parameters" : [ ],
      "attachmentsCount" : 0,
      "shouldDisplayMessage" : false,
      "hasContent" : false,
      "stepsCount" : 0
    }, {
      "name" : "断言3",
      "time" : {
        "start" : 1585048164244,
        "stop" : 1585048164244,
        "duration" : 0
      },
      "status" : "failed",
      "statusMessage" : "AssertionError: assert 10 == 7\n",
      "statusTrace" : "  File \"d:\\python_work\\test\\demo1\\test_pytest-allure3.py\", line 13, in test_case\n    assert C == 7\n",
      "steps" : [ ],
      "attachments" : [ ],
      "parameters" : [ ],
      "attachmentsCount" : 0,
      "shouldDisplayMessage" : true,
      "hasContent" : true,
      "stepsCount" : 0
    } ],
    "attachments" : [ {
      "uid" : "a462fd225493a9d4",
      "name" : "stdout",
      "source" : "a462fd225493a9d4.txt",
      "type" : "text/plain",
      "size" : 3
    } ],
    "parameters" : [ ],
    "attachmentsCount" : 1,
    "shouldDisplayMessage" : true,
    "hasContent" : true,
    "stepsCount" : 2
  },
  "afterStages" : [ ],
  "labels" : [ {
    "name" : "feature",
    "value" : "定义功能3"
  }, {
    "name" : "story",
    "value" : "定义场景3"
  }, {
    "name" : "suite",
    "value" : "test_pytest-allure3"
  }, {
    "name" : "subSuite",
    "value" : "Test_case"
  }, {
    "name" : "host",
    "value" : "law"
  }, {
    "name" : "thread",
    "value" : "19644-MainThread"
  }, {
    "name" : "framework",
    "value" : "pytest"
  }, {
    "name" : "language",
    "value" : "cpython3"
  }, {
    "name" : "package",
    "value" : "test_pytest-allure3"
  }, {
    "name" : "resultFormat",
    "value" : "allure2"
  } ],
  "parameters" : [ ],
  "links" : [ ],
  "hidden" : false,
  "retry" : false,
  "extra" : {
    "severity" : "normal",
    "retries" : [ {
      "uid" : "3dc4d1abe0a67c54",
      "status" : "failed",
      "statusDetails" : "AssertionError: assert 10 == 7",
      "time" : {
        "start" : 1585047678238,
        "stop" : 1585047678238,
        "duration" : 0
      }
    } ],
    "categories" : [ {
      "name" : "Product defects",
      "matchedStatuses" : [ ],
      "flaky" : false
    } ],
    "tags" : [ ]
  },
  "source" : "17a296ea4bba9a0a.json",
  "parameterValues" : [ ]
}