{
  "uid" : "3b2bf5a31f7e9cd6",
  "name" : "test_case",
  "fullName" : "test_pytest-allure2.Test_case#test_case",
  "historyId" : "70b3cc93fe42ead085744f5cde99956a",
  "time" : {
    "start" : 1585048164211,
    "stop" : 1585048164212,
    "duration" : 1
  },
  "status" : "failed",
  "statusMessage" : "AssertionError: assert 3 == 7",
  "statusTrace" : "self = <test.demo1.test_pytest-allure2.Test_case object at 0x0441AAD0>\n\n    @allure.story(\"定义场景2\")\n    def test_case(self):\n        with allure.step(\"定义步骤2\"):\n            C =case().add(a,b)\n        with allure.step(\"断言2\"):\n>           assert C == 7\nE           assert 3 == 7\n\ntest_pytest-allure2.py:13: AssertionError",
  "flaky" : true,
  "beforeStages" : [ ],
  "testStage" : {
    "status" : "failed",
    "statusMessage" : "AssertionError: assert 3 == 7",
    "statusTrace" : "self = <test.demo1.test_pytest-allure2.Test_case object at 0x0441AAD0>\n\n    @allure.story(\"定义场景2\")\n    def test_case(self):\n        with allure.step(\"定义步骤2\"):\n            C =case().add(a,b)\n        with allure.step(\"断言2\"):\n>           assert C == 7\nE           assert 3 == 7\n\ntest_pytest-allure2.py:13: AssertionError",
    "steps" : [ {
      "name" : "定义步骤2",
      "time" : {
        "start" : 1585048164211,
        "stop" : 1585048164211,
        "duration" : 0
      },
      "status" : "passed",
      "steps" : [ ],
      "attachments" : [ ],
      "parameters" : [ ],
      "attachmentsCount" : 0,
      "shouldDisplayMessage" : false,
      "hasContent" : false,
      "stepsCount" : 0
    }, {
      "name" : "断言2",
      "time" : {
        "start" : 1585048164211,
        "stop" : 1585048164211,
        "duration" : 0
      },
      "status" : "failed",
      "statusMessage" : "AssertionError: assert 3 == 7\n",
      "statusTrace" : "  File \"d:\\python_work\\test\\demo1\\test_pytest-allure2.py\", line 13, in test_case\n    assert C == 7\n",
      "steps" : [ ],
      "attachments" : [ ],
      "parameters" : [ ],
      "attachmentsCount" : 0,
      "shouldDisplayMessage" : true,
      "hasContent" : true,
      "stepsCount" : 0
    } ],
    "attachments" : [ {
      "uid" : "72eaadd99ebf57bb",
      "name" : "stdout",
      "source" : "72eaadd99ebf57bb.txt",
      "type" : "text/plain",
      "size" : 2
    } ],
    "parameters" : [ ],
    "attachmentsCount" : 1,
    "shouldDisplayMessage" : true,
    "hasContent" : true,
    "stepsCount" : 2
  },
  "afterStages" : [ ],
  "labels" : [ {
    "name" : "feature",
    "value" : "定义功能2"
  }, {
    "name" : "story",
    "value" : "定义场景2"
  }, {
    "name" : "suite",
    "value" : "test_pytest-allure2"
  }, {
    "name" : "subSuite",
    "value" : "Test_case"
  }, {
    "name" : "host",
    "value" : "law"
  }, {
    "name" : "thread",
    "value" : "19644-MainThread"
  }, {
    "name" : "framework",
    "value" : "pytest"
  }, {
    "name" : "language",
    "value" : "cpython3"
  }, {
    "name" : "package",
    "value" : "test_pytest-allure2"
  }, {
    "name" : "resultFormat",
    "value" : "allure2"
  } ],
  "parameters" : [ ],
  "links" : [ ],
  "hidden" : false,
  "retry" : false,
  "extra" : {
    "severity" : "normal",
    "retries" : [ {
      "uid" : "c98c3e67b33129c0",
      "status" : "failed",
      "statusDetails" : "AssertionError: assert 3 == 7",
      "time" : {
        "start" : 1585047678208,
        "stop" : 1585047678209,
        "duration" : 1
      }
    } ],
    "categories" : [ {
      "name" : "Product defects",
      "matchedStatuses" : [ ],
      "flaky" : false
    } ],
    "tags" : [ ]
  },
  "source" : "3b2bf5a31f7e9cd6.json",
  "parameterValues" : [ ]
}