<?xml version="1.0" encoding="UTF-8"?>
<robot generator="Robot 4.0 (Python 3.6.6 on win32)" generated="20210707 10:06:25.545" rpa="false" schemaversion="2">
<suite id="s1" name="R2" source="D:\_git\python_utils\框架\Python+robootframe\r2.robot">
<test id="s1-t1" name="run keyword if的使用">
<kw name="Run Keyword If" library="BuiltIn">
<arg>${msg} &gt; 1</arg>
<arg>log</arg>
<arg>'nice'</arg>
<doc>Runs the given keyword with the given arguments, if ``condition`` is true.</doc>
<kw name="Log" library="BuiltIn">
<arg>'nice'</arg>
<doc>Logs the given message with the given level.</doc>
<msg timestamp="20210707 10:06:25.622" level="INFO">'nice'</msg>
<status status="PASS" starttime="20210707 10:06:25.620" endtime="20210707 10:06:25.622"/>
</kw>
<status status="PASS" starttime="20210707 10:06:25.619" endtime="20210707 10:06:25.622"/>
</kw>
<kw name="Run Keyword If" library="BuiltIn">
<var>${msg}</var>
<arg>${msg} &gt; 1000</arg>
<arg>set variable</arg>
<arg>失败</arg>
<arg>ELSE</arg>
<arg>set variable</arg>
<arg>${msg}</arg>
<doc>Runs the given keyword with the given arguments, if ``condition`` is true.</doc>
<kw name="Set Variable" library="BuiltIn">
<arg>${msg}</arg>
<doc>Returns the given values which can then be assigned to a variables.</doc>
<status status="PASS" starttime="20210707 10:06:25.623" endtime="20210707 10:06:25.623"/>
</kw>
<msg timestamp="20210707 10:06:25.625" level="INFO">${msg} = 200</msg>
<status status="PASS" starttime="20210707 10:06:25.622" endtime="20210707 10:06:25.625"/>
</kw>
<kw name="Log" library="BuiltIn">
<arg>${msg}</arg>
<doc>Logs the given message with the given level.</doc>
<msg timestamp="20210707 10:06:25.626" level="INFO">200</msg>
<status status="PASS" starttime="20210707 10:06:25.625" endtime="20210707 10:06:25.626"/>
</kw>
<status status="PASS" starttime="20210707 10:06:25.616" endtime="20210707 10:06:25.626"/>
</test>
<status status="PASS" starttime="20210707 10:06:25.549" endtime="20210707 10:06:25.630"/>
</suite>
<statistics>
<total>
<stat pass="1" fail="0" skip="0">All Tests</stat>
</total>
<tag>
</tag>
<suite>
<stat pass="1" fail="0" skip="0" id="s1" name="R2">R2</stat>
</suite>
</statistics>
<errors>
</errors>
</robot>
