<?xml version="1.0" encoding="UTF-8"?>
<robot generator="Robot 4.0 (Python 3.6.6 on win32)" generated="20210508 09:55:09.923" rpa="false" schemaversion="2">
<suite id="s1" name="判断的使用" source="D:\Python_area\rf-project\判断的使用.robot">
<test id="s1-t1" name="判断字符是否存在">
<kw name="Run Keyword If" library="BuiltIn">
<arg>'VPN' in '${var}'</arg>
<arg>log</arg>
<arg>nice</arg>
<doc>Runs the given keyword with the given arguments, if ``condition`` is true.</doc>
<kw name="Log" library="BuiltIn">
<arg>nice</arg>
<doc>Logs the given message with the given level.</doc>
<msg timestamp="20210508 09:55:09.996" level="INFO">nice</msg>
<status status="PASS" starttime="20210508 09:55:09.995" endtime="20210508 09:55:09.996"/>
</kw>
<status status="PASS" starttime="20210508 09:55:09.993" endtime="20210508 09:55:09.996"/>
</kw>
<kw name="Log" library="BuiltIn">
<arg>${var_list}</arg>
<doc>Logs the given message with the given level.</doc>
<msg timestamp="20210508 09:55:09.999" level="INFO">['VP', '连接管理', '总部']</msg>
<status status="PASS" starttime="20210508 09:55:09.997" endtime="20210508 09:55:10.000"/>
</kw>
<kw name="Run Keyword If" library="BuiltIn">
<arg>'VPN' in '${var_list[0]}'</arg>
<arg>log</arg>
<arg>nice</arg>
<doc>Runs the given keyword with the given arguments, if ``condition`` is true.</doc>
<status status="PASS" starttime="20210508 09:55:10.007" endtime="20210508 09:55:10.014"/>
</kw>
<status status="PASS" starttime="20210508 09:55:09.981" endtime="20210508 09:55:10.015"/>
</test>
<test id="s1-t2" name="Run Keyword If后执行多个关键字">
<kw name="Run Keyword If" library="BuiltIn">
<arg>'VPN' in '${var}'</arg>
<arg>Run Keywords</arg>
<arg>log</arg>
<arg>nice</arg>
<arg>AND</arg>
<arg>log</arg>
<arg>nice2</arg>
<arg>AND</arg>
<arg>log</arg>
<arg>nice3</arg>
<doc>Runs the given keyword with the given arguments, if ``condition`` is true.</doc>
<kw name="Run Keywords" library="BuiltIn">
<arg>log</arg>
<arg>nice</arg>
<arg>AND</arg>
<arg>log</arg>
<arg>nice2</arg>
<arg>AND</arg>
<arg>log</arg>
<arg>nice3</arg>
<doc>Executes all the given keywords in a sequence.</doc>
<kw name="Log" library="BuiltIn">
<arg>nice</arg>
<doc>Logs the given message with the given level.</doc>
<msg timestamp="20210508 09:55:10.041" level="INFO">nice</msg>
<status status="PASS" starttime="20210508 09:55:10.040" endtime="20210508 09:55:10.041"/>
</kw>
<kw name="Log" library="BuiltIn">
<arg>nice2</arg>
<doc>Logs the given message with the given level.</doc>
<msg timestamp="20210508 09:55:10.042" level="INFO">nice2</msg>
<status status="PASS" starttime="20210508 09:55:10.042" endtime="20210508 09:55:10.042"/>
</kw>
<kw name="Log" library="BuiltIn">
<arg>nice3</arg>
<doc>Logs the given message with the given level.</doc>
<msg timestamp="20210508 09:55:10.046" level="INFO">nice3</msg>
<status status="PASS" starttime="20210508 09:55:10.043" endtime="20210508 09:55:10.046"/>
</kw>
<status status="PASS" starttime="20210508 09:55:10.039" endtime="20210508 09:55:10.046"/>
</kw>
<status status="PASS" starttime="20210508 09:55:10.038" endtime="20210508 09:55:10.046"/>
</kw>
<status status="PASS" starttime="20210508 09:55:10.032" endtime="20210508 09:55:10.048"/>
</test>
<status status="PASS" starttime="20210508 09:55:09.927" endtime="20210508 09:55:10.066"/>
</suite>
<statistics>
<total>
<stat pass="2" fail="0" skip="0">All Tests</stat>
</total>
<tag>
</tag>
<suite>
<stat pass="2" fail="0" skip="0" id="s1" name="判断的使用">判断的使用</stat>
</suite>
</statistics>
<errors>
</errors>
</robot>
